2025-02-11 00:00:24.275 +11:00 [ERR] Failed to fetch movies from filmworld (Attempt 1/3)
System.Threading.Tasks.TaskCanceledException: The request was canceled due to the configured HttpClient.Timeout of 100 seconds elapsing.
 ---> System.TimeoutException: The operation was canceled.
 ---> System.Threading.Tasks.TaskCanceledException: The operation was canceled.
 ---> System.IO.IOException: Unable to read data from the transport connection: 由于线程退出或应用程序请求，已中止 I/O 操作。.
 ---> System.Net.Sockets.SocketException (995): 由于线程退出或应用程序请求，已中止 I/O 操作。
   --- End of inner exception stack trace ---
   at System.Net.Sockets.Socket.AwaitableSocketAsyncEventArgs.ThrowException(SocketError error, CancellationToken cancellationToken)
   at System.Net.Sockets.Socket.AwaitableSocketAsyncEventArgs.System.Threading.Tasks.Sources.IValueTaskSource<System.Int32>.GetResult(Int16 token)
   at System.Net.Security.SslStream.EnsureFullTlsFrameAsync[TIOAdapter](CancellationToken cancellationToken, Int32 estimatedSize)
   at System.Runtime.CompilerServices.PoolingAsyncValueTaskMethodBuilder`1.StateMachineBox`1.System.Threading.Tasks.Sources.IValueTaskSource<TResult>.GetResult(Int16 token)
   at System.Net.Security.SslStream.ReadAsyncInternal[TIOAdapter](Memory`1 buffer, CancellationToken cancellationToken)
   at System.Runtime.CompilerServices.PoolingAsyncValueTaskMethodBuilder`1.StateMachineBox`1.System.Threading.Tasks.Sources.IValueTaskSource<TResult>.GetResult(Int16 token)
   at System.Net.Http.HttpConnection.SendAsync(HttpRequestMessage request, Boolean async, CancellationToken cancellationToken)
   --- End of inner exception stack trace ---
   at System.Net.Http.HttpConnection.SendAsync(HttpRequestMessage request, Boolean async, CancellationToken cancellationToken)
   at System.Net.Http.HttpConnectionPool.SendWithVersionDetectionAndRetryAsync(HttpRequestMessage request, Boolean async, Boolean doRequestAuth, CancellationToken cancellationToken)
   at System.Net.Http.RedirectHandler.SendAsync(HttpRequestMessage request, Boolean async, CancellationToken cancellationToken)
   at Microsoft.Extensions.Http.Logging.LoggingHttpMessageHandler.<SendCoreAsync>g__Core|4_0(HttpRequestMessage request, Boolean useAsync, CancellationToken cancellationToken)
   at Microsoft.Extensions.Http.Logging.LoggingScopeHttpMessageHandler.<SendCoreAsync>g__Core|4_0(HttpRequestMessage request, Boolean useAsync, CancellationToken cancellationToken)
   at System.Net.Http.HttpClient.<SendAsync>g__Core|83_0(HttpRequestMessage request, HttpCompletionOption completionOption, CancellationTokenSource cts, Boolean disposeCts, CancellationTokenSource pendingRequestsCts, CancellationToken originalCancellationToken)
   --- End of inner exception stack trace ---
   --- End of inner exception stack trace ---
   at System.Net.Http.HttpClient.HandleFailure(Exception e, Boolean telemetryStarted, HttpResponseMessage response, CancellationTokenSource cts, CancellationToken cancellationToken, CancellationTokenSource pendingRequestsCts)
   at System.Net.Http.HttpClient.<SendAsync>g__Core|83_0(HttpRequestMessage request, HttpCompletionOption completionOption, CancellationTokenSource cts, Boolean disposeCts, CancellationTokenSource pendingRequestsCts, CancellationToken originalCancellationToken)
   at WebjetAPI.Services.MovieCacheService.FetchMoviesWithRetries(HttpClient client) in D:\GA\WebjetFullstack\backend\WebjetAPI\Services\MovieCacheService.cs:line 115
2025-02-11 00:00:25.585 +11:00 [INF] Request starting HTTP/1.1 GET http://localhost:5149/swagger/index.html - null null
2025-02-11 00:00:25.586 +11:00 [INF] Request finished HTTP/1.1 GET http://localhost:5149/swagger/index.html - 200 null text/html;charset=utf-8 1.1655ms
2025-02-11 00:00:25.600 +11:00 [INF] Request starting HTTP/1.1 GET http://localhost:5149/swagger/index.js - null null
2025-02-11 00:00:25.600 +11:00 [INF] Request finished HTTP/1.1 GET http://localhost:5149/swagger/index.js - 200 null application/javascript;charset=utf-8 0.5923ms
2025-02-11 00:00:25.602 +11:00 [INF] Request starting HTTP/1.1 GET http://localhost:5149/_framework/aspnetcore-browser-refresh.js - null null
2025-02-11 00:00:25.602 +11:00 [INF] Request finished HTTP/1.1 GET http://localhost:5149/_framework/aspnetcore-browser-refresh.js - 200 13748 application/javascript; charset=utf-8 0.3042ms
2025-02-11 00:00:25.820 +11:00 [INF] Request starting HTTP/1.1 GET http://localhost:5149/swagger/v1/swagger.json - null null
2025-02-11 00:00:25.821 +11:00 [INF] Request finished HTTP/1.1 GET http://localhost:5149/swagger/v1/swagger.json - 200 null application/json;charset=utf-8 0.9825ms
2025-02-11 00:01:24.291 +11:00 [INF] Fetching movies from filmworld (Attempt 2/3)
2025-02-11 00:01:24.291 +11:00 [INF] Start processing HTTP request GET https://webjetapitest.azurewebsites.net/api/filmworld/movies
2025-02-11 00:01:24.291 +11:00 [INF] Sending HTTP request GET https://webjetapitest.azurewebsites.net/api/filmworld/movies
2025-02-11 00:01:24.566 +11:00 [INF] Received HTTP response headers after 274.2471ms - 200
2025-02-11 00:01:24.566 +11:00 [INF] End processing HTTP request after 274.6001ms - 200
2025-02-11 00:01:24.858 +11:00 [INF] Updated cinemaworld movie data in cache
2025-02-11 00:01:25.116 +11:00 [INF] Updated filmworld movie data in cache
2025-02-11 00:01:25.375 +11:00 [INF] Updated merged movie data in cache
2025-02-11 00:01:25.907 +11:00 [INF] Successfully fetched movie lists from Redis.
2025-02-11 00:01:25.907 +11:00 [INF] Found 7 movies in cinemaworld cache
2025-02-11 00:01:25.907 +11:00 [INF] Found 6 movies in filmworld cache
2025-02-11 00:01:25.907 +11:00 [INF] Fetching movie details from https://webjetapitest.azurewebsites.net/api/cinemaworld/movie/cw0076759
2025-02-11 00:01:25.908 +11:00 [INF] Start processing HTTP request GET https://webjetapitest.azurewebsites.net/api/cinemaworld/movie/cw0076759
2025-02-11 00:01:25.908 +11:00 [INF] Sending HTTP request GET https://webjetapitest.azurewebsites.net/api/cinemaworld/movie/cw0076759
2025-02-11 00:02:25.903 +11:00 [INF] Request starting HTTP/1.1 GET http://localhost:5149/swagger/index.html - null null
2025-02-11 00:02:25.904 +11:00 [INF] Request finished HTTP/1.1 GET http://localhost:5149/swagger/index.html - 200 null text/html;charset=utf-8 0.4932ms
2025-02-11 00:02:25.915 +11:00 [INF] Request starting HTTP/1.1 GET http://localhost:5149/swagger/index.js - null null
2025-02-11 00:02:25.916 +11:00 [INF] Request finished HTTP/1.1 GET http://localhost:5149/swagger/index.js - 200 null application/javascript;charset=utf-8 0.9293ms
2025-02-11 00:02:25.916 +11:00 [INF] Request starting HTTP/1.1 GET http://localhost:5149/_framework/aspnetcore-browser-refresh.js - null null
2025-02-11 00:02:25.916 +11:00 [INF] Request finished HTTP/1.1 GET http://localhost:5149/_framework/aspnetcore-browser-refresh.js - 200 13748 application/javascript; charset=utf-8 0.1232ms
2025-02-11 00:02:26.114 +11:00 [INF] Request starting HTTP/1.1 GET http://localhost:5149/swagger/v1/swagger.json - null null
2025-02-11 00:02:26.116 +11:00 [INF] Request finished HTTP/1.1 GET http://localhost:5149/swagger/v1/swagger.json - 200 null application/json;charset=utf-8 1.7557ms
2025-02-11 00:03:05.921 +11:00 [ERR] Error updating movie detail cache
System.Threading.Tasks.TaskCanceledException: The request was canceled due to the configured HttpClient.Timeout of 100 seconds elapsing.
 ---> System.TimeoutException: The operation was canceled.
 ---> System.Threading.Tasks.TaskCanceledException: The operation was canceled.
 ---> System.IO.IOException: Unable to read data from the transport connection: 由于线程退出或应用程序请求，已中止 I/O 操作。.
 ---> System.Net.Sockets.SocketException (995): 由于线程退出或应用程序请求，已中止 I/O 操作。
   --- End of inner exception stack trace ---
   at System.Net.Sockets.Socket.AwaitableSocketAsyncEventArgs.ThrowException(SocketError error, CancellationToken cancellationToken)
   at System.Net.Sockets.Socket.AwaitableSocketAsyncEventArgs.System.Threading.Tasks.Sources.IValueTaskSource<System.Int32>.GetResult(Int16 token)
   at System.Net.Security.SslStream.EnsureFullTlsFrameAsync[TIOAdapter](CancellationToken cancellationToken, Int32 estimatedSize)
   at System.Runtime.CompilerServices.PoolingAsyncValueTaskMethodBuilder`1.StateMachineBox`1.System.Threading.Tasks.Sources.IValueTaskSource<TResult>.GetResult(Int16 token)
   at System.Net.Security.SslStream.ReadAsyncInternal[TIOAdapter](Memory`1 buffer, CancellationToken cancellationToken)
   at System.Runtime.CompilerServices.PoolingAsyncValueTaskMethodBuilder`1.StateMachineBox`1.System.Threading.Tasks.Sources.IValueTaskSource<TResult>.GetResult(Int16 token)
   at System.Net.Http.HttpConnection.InitialFillAsync(Boolean async)
   at System.Net.Http.HttpConnection.SendAsync(HttpRequestMessage request, Boolean async, CancellationToken cancellationToken)
   --- End of inner exception stack trace ---
   at System.Net.Http.HttpConnection.SendAsync(HttpRequestMessage request, Boolean async, CancellationToken cancellationToken)
   at System.Net.Http.HttpConnectionPool.SendWithVersionDetectionAndRetryAsync(HttpRequestMessage request, Boolean async, Boolean doRequestAuth, CancellationToken cancellationToken)
   at System.Net.Http.RedirectHandler.SendAsync(HttpRequestMessage request, Boolean async, CancellationToken cancellationToken)
   at Microsoft.Extensions.Http.Logging.LoggingHttpMessageHandler.<SendCoreAsync>g__Core|4_0(HttpRequestMessage request, Boolean useAsync, CancellationToken cancellationToken)
   at Microsoft.Extensions.Http.Logging.LoggingScopeHttpMessageHandler.<SendCoreAsync>g__Core|4_0(HttpRequestMessage request, Boolean useAsync, CancellationToken cancellationToken)
   at System.Net.Http.HttpClient.<SendAsync>g__Core|83_0(HttpRequestMessage request, HttpCompletionOption completionOption, CancellationTokenSource cts, Boolean disposeCts, CancellationTokenSource pendingRequestsCts, CancellationToken originalCancellationToken)
   --- End of inner exception stack trace ---
   --- End of inner exception stack trace ---
   at System.Net.Http.HttpClient.HandleFailure(Exception e, Boolean telemetryStarted, HttpResponseMessage response, CancellationTokenSource cts, CancellationToken cancellationToken, CancellationTokenSource pendingRequestsCts)
   at System.Net.Http.HttpClient.<SendAsync>g__Core|83_0(HttpRequestMessage request, HttpCompletionOption completionOption, CancellationTokenSource cts, Boolean disposeCts, CancellationTokenSource pendingRequestsCts, CancellationToken originalCancellationToken)
   at WebjetAPI.Services.MovieDetailCacheService.FetchAndCacheMovieDetails(HttpClient client, String provider, String movieId)
   at WebjetAPI.Services.MovieDetailCacheService.RunDetailUpdateAsync()
2025-02-11 00:08:51.384 +11:00 [INF] Application is shutting down...
2025-02-11 00:09:06.666 +11:00 [INF] Connecting to Redis at autorack.proxy.rlwy.net:55445,password=CZCEIVSqfCnRGZtIRcjaOKKdlhcyxQCG,abortConnect=false
2025-02-11 00:09:07.322 +11:00 [INF] Webjet API has started successfully.
2025-02-11 00:09:07.322 +11:00 [INF] Running on port: 5149
2025-02-11 00:09:07.323 +11:00 [INF] Swagger UI available at: http://localhost:5149/swagger
2025-02-11 00:09:07.333 +11:00 [INF] Starting movie data cache refresh
2025-02-11 00:09:07.340 +11:00 [INF] Fetching movies from cinemaworld (Attempt 1/3)
2025-02-11 00:09:07.346 +11:00 [INF] Start processing HTTP request GET https://webjetapitest.azurewebsites.net/api/cinemaworld/movies
2025-02-11 00:09:07.348 +11:00 [INF] Sending HTTP request GET https://webjetapitest.azurewebsites.net/api/cinemaworld/movies
2025-02-11 00:09:07.365 +11:00 [INF] Starting scheduled movie detail data cache refresh
2025-02-11 00:09:07.395 +11:00 [INF] Now listening on: http://localhost:5149
2025-02-11 00:09:07.395 +11:00 [INF] Application started. Press Ctrl+C to shut down.
2025-02-11 00:09:07.395 +11:00 [INF] Hosting environment: Production
2025-02-11 00:09:07.395 +11:00 [INF] Content root path: D:\GA\WebjetFullstack\backend\WebjetAPI
2025-02-11 00:09:07.578 +11:00 [INF] Request starting HTTP/1.1 GET http://localhost:5149/swagger/index.html - null null
2025-02-11 00:09:07.643 +11:00 [INF] Request finished HTTP/1.1 GET http://localhost:5149/swagger/index.html - 200 null text/html;charset=utf-8 66.047ms
2025-02-11 00:09:07.842 +11:00 [INF] Request starting HTTP/1.1 GET http://localhost:5149/swagger/index.js - null null
2025-02-11 00:09:07.842 +11:00 [INF] Request starting HTTP/1.1 GET http://localhost:5149/_framework/aspnetcore-browser-refresh.js - null null
2025-02-11 00:09:07.844 +11:00 [INF] Request finished HTTP/1.1 GET http://localhost:5149/_framework/aspnetcore-browser-refresh.js - 200 13748 application/javascript; charset=utf-8 2.0116ms
2025-02-11 00:09:07.844 +11:00 [INF] Request finished HTTP/1.1 GET http://localhost:5149/swagger/index.js - 200 null application/javascript;charset=utf-8 2.4134ms
2025-02-11 00:09:07.894 +11:00 [INF] Successfully fetched movie lists from Redis.
2025-02-11 00:09:07.894 +11:00 [INF] Found 7 movies in cinemaworld cache
2025-02-11 00:09:07.895 +11:00 [INF] Found 6 movies in filmworld cache
2025-02-11 00:09:07.896 +11:00 [INF] Fetching movie details from https://webjetapitest.azurewebsites.net/api/cinemaworld/movie/cw0076759
2025-02-11 00:09:07.896 +11:00 [INF] Start processing HTTP request GET https://webjetapitest.azurewebsites.net/api/cinemaworld/movie/cw0076759
2025-02-11 00:09:07.896 +11:00 [INF] Sending HTTP request GET https://webjetapitest.azurewebsites.net/api/cinemaworld/movie/cw0076759
2025-02-11 00:09:08.142 +11:00 [INF] Received HTTP response headers after 791.3387ms - 200
2025-02-11 00:09:08.142 +11:00 [INF] End processing HTTP request after 800.6422ms - 200
2025-02-11 00:09:08.146 +11:00 [INF] Fetching movies from filmworld (Attempt 1/3)
2025-02-11 00:09:08.146 +11:00 [INF] Start processing HTTP request GET https://webjetapitest.azurewebsites.net/api/filmworld/movies
2025-02-11 00:09:08.146 +11:00 [INF] Sending HTTP request GET https://webjetapitest.azurewebsites.net/api/filmworld/movies
2025-02-11 00:09:08.184 +11:00 [INF] Request starting HTTP/1.1 GET http://localhost:5149/swagger/v1/swagger.json - null null
2025-02-11 00:09:08.218 +11:00 [INF] Request finished HTTP/1.1 GET http://localhost:5149/swagger/v1/swagger.json - 200 null application/json;charset=utf-8 34.3451ms
2025-02-11 00:09:08.396 +11:00 [INF] Received HTTP response headers after 249.8895ms - 200
2025-02-11 00:09:08.396 +11:00 [INF] End processing HTTP request after 250.175ms - 200
2025-02-11 00:09:08.662 +11:00 [INF] Updated cinemaworld movie data in cache
2025-02-11 00:09:08.692 +11:00 [INF] Received HTTP response headers after 796.3001ms - 200
2025-02-11 00:09:08.692 +11:00 [INF] End processing HTTP request after 796.5398ms - 200
2025-02-11 00:09:08.910 +11:00 [INF] Updated filmworld movie data in cache
2025-02-11 00:09:08.949 +11:00 [INF] Cached details for cw0076759 from cinemaworld
2025-02-11 00:09:08.950 +11:00 [INF] Fetching movie details from https://webjetapitest.azurewebsites.net/api/cinemaworld/movie/cw0080684
2025-02-11 00:09:08.950 +11:00 [INF] Start processing HTTP request GET https://webjetapitest.azurewebsites.net/api/cinemaworld/movie/cw0080684
2025-02-11 00:09:08.950 +11:00 [INF] Sending HTTP request GET https://webjetapitest.azurewebsites.net/api/cinemaworld/movie/cw0080684
2025-02-11 00:09:09.162 +11:00 [INF] Updated merged movie data in cache
2025-02-11 00:09:09.669 +11:00 [INF] Successfully fetched movie lists from Redis.
2025-02-11 00:09:09.669 +11:00 [INF] Found 7 movies in cinemaworld cache
2025-02-11 00:09:09.669 +11:00 [INF] Found 6 movies in filmworld cache
2025-02-11 00:09:09.669 +11:00 [INF] Fetching movie details from https://webjetapitest.azurewebsites.net/api/cinemaworld/movie/cw0076759
2025-02-11 00:09:09.669 +11:00 [INF] Start processing HTTP request GET https://webjetapitest.azurewebsites.net/api/cinemaworld/movie/cw0076759
2025-02-11 00:09:09.670 +11:00 [INF] Sending HTTP request GET https://webjetapitest.azurewebsites.net/api/cinemaworld/movie/cw0076759
2025-02-11 00:09:09.954 +11:00 [INF] Received HTTP response headers after 284.1315ms - 200
2025-02-11 00:09:09.954 +11:00 [INF] End processing HTTP request after 284.5298ms - 200
2025-02-11 00:09:10.203 +11:00 [INF] Cached details for cw0076759 from cinemaworld
2025-02-11 00:09:10.203 +11:00 [INF] Fetching movie details from https://webjetapitest.azurewebsites.net/api/cinemaworld/movie/cw0080684
2025-02-11 00:09:10.203 +11:00 [INF] Start processing HTTP request GET https://webjetapitest.azurewebsites.net/api/cinemaworld/movie/cw0080684
2025-02-11 00:09:10.203 +11:00 [INF] Sending HTTP request GET https://webjetapitest.azurewebsites.net/api/cinemaworld/movie/cw0080684
2025-02-11 00:09:10.332 +11:00 [INF] Received HTTP response headers after 128.7209ms - 200
2025-02-11 00:09:10.332 +11:00 [INF] End processing HTTP request after 128.9025ms - 200
2025-02-11 00:09:10.594 +11:00 [INF] Cached details for cw0080684 from cinemaworld
2025-02-11 00:09:10.594 +11:00 [INF] Fetching movie details from https://webjetapitest.azurewebsites.net/api/cinemaworld/movie/cw0086190
2025-02-11 00:09:10.594 +11:00 [INF] Start processing HTTP request GET https://webjetapitest.azurewebsites.net/api/cinemaworld/movie/cw0086190
2025-02-11 00:09:10.594 +11:00 [INF] Sending HTTP request GET https://webjetapitest.azurewebsites.net/api/cinemaworld/movie/cw0086190
2025-02-11 00:09:11.422 +11:00 [INF] Received HTTP response headers after 828.2461ms - 200
2025-02-11 00:09:11.422 +11:00 [INF] End processing HTTP request after 828.5204ms - 200
2025-02-11 00:09:11.717 +11:00 [INF] Cached details for cw0086190 from cinemaworld
2025-02-11 00:09:11.717 +11:00 [INF] Fetching movie details from https://webjetapitest.azurewebsites.net/api/cinemaworld/movie/cw2488496
2025-02-11 00:09:11.717 +11:00 [INF] Start processing HTTP request GET https://webjetapitest.azurewebsites.net/api/cinemaworld/movie/cw2488496
2025-02-11 00:09:11.717 +11:00 [INF] Sending HTTP request GET https://webjetapitest.azurewebsites.net/api/cinemaworld/movie/cw2488496
2025-02-11 00:09:12.582 +11:00 [INF] Received HTTP response headers after 3632.7639ms - 500
2025-02-11 00:09:12.583 +11:00 [INF] End processing HTTP request after 3632.9965ms - 500
2025-02-11 00:09:12.583 +11:00 [WRN] Failed to fetch cw0080684 from cinemaworld (Attempt 1/3): InternalServerError
2025-02-11 00:09:12.583 +11:00 [WRN] Retrying fetch for cw0080684 from cinemaworld in 2s...
2025-02-11 00:09:12.787 +11:00 [INF] Received HTTP response headers after 1069.78ms - 200
2025-02-11 00:09:12.787 +11:00 [INF] End processing HTTP request after 1069.9903ms - 200
2025-02-11 00:09:13.038 +11:00 [INF] Cached details for cw2488496 from cinemaworld
2025-02-11 00:09:13.038 +11:00 [INF] Fetching movie details from https://webjetapitest.azurewebsites.net/api/cinemaworld/movie/cw0120915
2025-02-11 00:09:13.038 +11:00 [INF] Start processing HTTP request GET https://webjetapitest.azurewebsites.net/api/cinemaworld/movie/cw0120915
2025-02-11 00:09:13.038 +11:00 [INF] Sending HTTP request GET https://webjetapitest.azurewebsites.net/api/cinemaworld/movie/cw0120915
2025-02-11 00:09:14.598 +11:00 [INF] Start processing HTTP request GET https://webjetapitest.azurewebsites.net/api/cinemaworld/movie/cw0080684
2025-02-11 00:09:14.598 +11:00 [INF] Sending HTTP request GET https://webjetapitest.azurewebsites.net/api/cinemaworld/movie/cw0080684
2025-02-11 00:09:15.373 +11:00 [INF] Received HTTP response headers after 775.5493ms - 200
2025-02-11 00:09:15.373 +11:00 [INF] End processing HTTP request after 775.8792ms - 200
2025-02-11 00:09:15.632 +11:00 [INF] Cached details for cw0080684 from cinemaworld
2025-02-11 00:09:15.632 +11:00 [INF] Fetching movie details from https://webjetapitest.azurewebsites.net/api/cinemaworld/movie/cw0086190
2025-02-11 00:09:15.632 +11:00 [INF] Start processing HTTP request GET https://webjetapitest.azurewebsites.net/api/cinemaworld/movie/cw0086190
2025-02-11 00:09:15.632 +11:00 [INF] Sending HTTP request GET https://webjetapitest.azurewebsites.net/api/cinemaworld/movie/cw0086190
2025-02-11 00:09:15.730 +11:00 [INF] Request starting HTTP/1.1 GET http://localhost:5149/healthz - null null
2025-02-11 00:09:15.732 +11:00 [INF] Executing endpoint 'HTTP: GET /healthz'
2025-02-11 00:09:15.734 +11:00 [INF] Setting HTTP status code 200.
2025-02-11 00:09:15.735 +11:00 [INF] Writing value of type 'String' as Json.
2025-02-11 00:09:15.738 +11:00 [INF] Executed endpoint 'HTTP: GET /healthz'
2025-02-11 00:09:15.738 +11:00 [INF] Request finished HTTP/1.1 GET http://localhost:5149/healthz - 200 null application/json; charset=utf-8 7.5542ms
2025-02-11 00:09:16.068 +11:00 [INF] Received HTTP response headers after 436.237ms - 200
2025-02-11 00:09:16.068 +11:00 [INF] End processing HTTP request after 436.5307ms - 200
2025-02-11 00:09:16.319 +11:00 [INF] Cached details for cw0086190 from cinemaworld
2025-02-11 00:09:16.319 +11:00 [INF] Fetching movie details from https://webjetapitest.azurewebsites.net/api/cinemaworld/movie/cw2488496
2025-02-11 00:09:16.319 +11:00 [INF] Start processing HTTP request GET https://webjetapitest.azurewebsites.net/api/cinemaworld/movie/cw2488496
2025-02-11 00:09:16.319 +11:00 [INF] Sending HTTP request GET https://webjetapitest.azurewebsites.net/api/cinemaworld/movie/cw2488496
2025-02-11 00:09:16.480 +11:00 [INF] Received HTTP response headers after 161.0013ms - 200
2025-02-11 00:09:16.480 +11:00 [INF] End processing HTTP request after 161.2193ms - 200
2025-02-11 00:09:16.734 +11:00 [INF] Cached details for cw2488496 from cinemaworld
2025-02-11 00:09:16.734 +11:00 [INF] Fetching movie details from https://webjetapitest.azurewebsites.net/api/cinemaworld/movie/cw0120915
2025-02-11 00:09:16.734 +11:00 [INF] Start processing HTTP request GET https://webjetapitest.azurewebsites.net/api/cinemaworld/movie/cw0120915
2025-02-11 00:09:16.735 +11:00 [INF] Sending HTTP request GET https://webjetapitest.azurewebsites.net/api/cinemaworld/movie/cw0120915
2025-02-11 00:09:17.652 +11:00 [INF] Received HTTP response headers after 917.1239ms - 200
2025-02-11 00:09:17.652 +11:00 [INF] End processing HTTP request after 917.5308ms - 200
2025-02-11 00:09:17.942 +11:00 [INF] Cached details for cw0120915 from cinemaworld
2025-02-11 00:09:17.943 +11:00 [INF] Fetching movie details from https://webjetapitest.azurewebsites.net/api/cinemaworld/movie/cw0121766
2025-02-11 00:09:17.943 +11:00 [INF] Start processing HTTP request GET https://webjetapitest.azurewebsites.net/api/cinemaworld/movie/cw0121766
2025-02-11 00:09:17.943 +11:00 [INF] Sending HTTP request GET https://webjetapitest.azurewebsites.net/api/cinemaworld/movie/cw0121766
2025-02-11 00:09:18.355 +11:00 [INF] Received HTTP response headers after 411.9346ms - 200
2025-02-11 00:09:18.355 +11:00 [INF] End processing HTTP request after 412.4825ms - 200
2025-02-11 00:09:18.619 +11:00 [INF] Cached details for cw0121766 from cinemaworld
2025-02-11 00:09:18.619 +11:00 [INF] Fetching movie details from https://webjetapitest.azurewebsites.net/api/cinemaworld/movie/cw0121765
2025-02-11 00:09:18.619 +11:00 [INF] Start processing HTTP request GET https://webjetapitest.azurewebsites.net/api/cinemaworld/movie/cw0121765
2025-02-11 00:09:18.619 +11:00 [INF] Sending HTTP request GET https://webjetapitest.azurewebsites.net/api/cinemaworld/movie/cw0121765
2025-02-11 00:09:19.511 +11:00 [INF] Received HTTP response headers after 892.2693ms - 200
2025-02-11 00:09:19.512 +11:00 [INF] End processing HTTP request after 892.3985ms - 200
2025-02-11 00:09:19.810 +11:00 [INF] Cached details for cw0121765 from cinemaworld
2025-02-11 00:09:19.810 +11:00 [INF] Fetching movie details from https://webjetapitest.azurewebsites.net/api/filmworld/movie/fw0076759
2025-02-11 00:09:19.810 +11:00 [INF] Start processing HTTP request GET https://webjetapitest.azurewebsites.net/api/filmworld/movie/fw0076759
2025-02-11 00:09:19.810 +11:00 [INF] Sending HTTP request GET https://webjetapitest.azurewebsites.net/api/filmworld/movie/fw0076759
2025-02-11 00:09:19.982 +11:00 [INF] Received HTTP response headers after 6944.4033ms - 200
2025-02-11 00:09:19.982 +11:00 [INF] End processing HTTP request after 6944.5578ms - 200
2025-02-11 00:09:20.237 +11:00 [INF] Cached details for cw0120915 from cinemaworld
2025-02-11 00:09:20.237 +11:00 [INF] Fetching movie details from https://webjetapitest.azurewebsites.net/api/cinemaworld/movie/cw0121766
2025-02-11 00:09:20.237 +11:00 [INF] Start processing HTTP request GET https://webjetapitest.azurewebsites.net/api/cinemaworld/movie/cw0121766
2025-02-11 00:09:20.237 +11:00 [INF] Sending HTTP request GET https://webjetapitest.azurewebsites.net/api/cinemaworld/movie/cw0121766
2025-02-11 00:09:20.460 +11:00 [INF] Received HTTP response headers after 649.9523ms - 200
2025-02-11 00:09:20.460 +11:00 [INF] End processing HTTP request after 650.0971ms - 200
2025-02-11 00:09:20.550 +11:00 [INF] Request starting HTTP/1.1 GET http://localhost:5149/api/allmovies - null null
2025-02-11 00:09:20.551 +11:00 [INF] Executing endpoint 'WebjetAPI.Controllers.MoviesController.GetAllMovies (WebjetAPI)'
2025-02-11 00:09:20.562 +11:00 [INF] Route matched with {action = "GetAllMovies", controller = "Movies"}. Executing controller action with signature System.Threading.Tasks.Task`1[Microsoft.AspNetCore.Mvc.IActionResult] GetAllMovies() on controller WebjetAPI.Controllers.MoviesController (WebjetAPI).
2025-02-11 00:09:20.715 +11:00 [INF] Cached details for fw0076759 from filmworld
2025-02-11 00:09:20.715 +11:00 [INF] Fetching movie details from https://webjetapitest.azurewebsites.net/api/filmworld/movie/fw0080684
2025-02-11 00:09:20.715 +11:00 [INF] Start processing HTTP request GET https://webjetapitest.azurewebsites.net/api/filmworld/movie/fw0080684
2025-02-11 00:09:20.715 +11:00 [INF] Sending HTTP request GET https://webjetapitest.azurewebsites.net/api/filmworld/movie/fw0080684
2025-02-11 00:09:20.850 +11:00 [INF] Executing OkObjectResult, writing value of type 'System.Collections.Generic.List`1[[WebjetAPI.Models.MergedMovie, WebjetAPI, Version=1.0.0.0, Culture=neutral, PublicKeyToken=null]]'.
2025-02-11 00:09:20.854 +11:00 [INF] Executed action WebjetAPI.Controllers.MoviesController.GetAllMovies (WebjetAPI) in 289.7769ms
2025-02-11 00:09:20.855 +11:00 [INF] Executed endpoint 'WebjetAPI.Controllers.MoviesController.GetAllMovies (WebjetAPI)'
2025-02-11 00:09:20.856 +11:00 [INF] Request finished HTTP/1.1 GET http://localhost:5149/api/allmovies - 200 null application/json; charset=utf-8 305.1977ms
2025-02-11 00:09:21.233 +11:00 [INF] Received HTTP response headers after 996.5224ms - 200
2025-02-11 00:09:21.233 +11:00 [INF] End processing HTTP request after 996.6918ms - 200
2025-02-11 00:09:21.451 +11:00 [INF] Received HTTP response headers after 735.521ms - 500
2025-02-11 00:09:21.451 +11:00 [INF] End processing HTTP request after 735.9047ms - 500
2025-02-11 00:09:21.451 +11:00 [WRN] Failed to fetch fw0080684 from filmworld (Attempt 1/3): InternalServerError
2025-02-11 00:09:21.452 +11:00 [WRN] Retrying fetch for fw0080684 from filmworld in 2s...
2025-02-11 00:09:21.488 +11:00 [INF] Cached details for cw0121766 from cinemaworld
2025-02-11 00:09:21.488 +11:00 [INF] Fetching movie details from https://webjetapitest.azurewebsites.net/api/cinemaworld/movie/cw0121765
2025-02-11 00:09:21.488 +11:00 [INF] Start processing HTTP request GET https://webjetapitest.azurewebsites.net/api/cinemaworld/movie/cw0121765
2025-02-11 00:09:21.488 +11:00 [INF] Sending HTTP request GET https://webjetapitest.azurewebsites.net/api/cinemaworld/movie/cw0121765
2025-02-11 00:09:22.433 +11:00 [INF] Received HTTP response headers after 944.5669ms - 200
2025-02-11 00:09:22.433 +11:00 [INF] End processing HTTP request after 944.9326ms - 200
2025-02-11 00:09:22.691 +11:00 [INF] Cached details for cw0121765 from cinemaworld
2025-02-11 00:09:22.691 +11:00 [INF] Fetching movie details from https://webjetapitest.azurewebsites.net/api/filmworld/movie/fw0076759
2025-02-11 00:09:22.691 +11:00 [INF] Start processing HTTP request GET https://webjetapitest.azurewebsites.net/api/filmworld/movie/fw0076759
2025-02-11 00:09:22.692 +11:00 [INF] Sending HTTP request GET https://webjetapitest.azurewebsites.net/api/filmworld/movie/fw0076759
2025-02-11 00:09:23.416 +11:00 [INF] Received HTTP response headers after 724.7026ms - 200
2025-02-11 00:09:23.417 +11:00 [INF] End processing HTTP request after 725.2413ms - 200
2025-02-11 00:09:23.453 +11:00 [INF] Start processing HTTP request GET https://webjetapitest.azurewebsites.net/api/filmworld/movie/fw0080684
2025-02-11 00:09:23.453 +11:00 [INF] Sending HTTP request GET https://webjetapitest.azurewebsites.net/api/filmworld/movie/fw0080684
2025-02-11 00:09:23.666 +11:00 [INF] Received HTTP response headers after 212.7546ms - 200
2025-02-11 00:09:23.666 +11:00 [INF] End processing HTTP request after 212.9919ms - 200
2025-02-11 00:09:23.690 +11:00 [INF] Cached details for fw0076759 from filmworld
2025-02-11 00:09:23.690 +11:00 [INF] Fetching movie details from https://webjetapitest.azurewebsites.net/api/filmworld/movie/fw0080684
2025-02-11 00:09:23.690 +11:00 [INF] Start processing HTTP request GET https://webjetapitest.azurewebsites.net/api/filmworld/movie/fw0080684
2025-02-11 00:09:23.690 +11:00 [INF] Sending HTTP request GET https://webjetapitest.azurewebsites.net/api/filmworld/movie/fw0080684
2025-02-11 00:09:23.947 +11:00 [INF] Cached details for fw0080684 from filmworld
2025-02-11 00:09:23.948 +11:00 [INF] Fetching movie details from https://webjetapitest.azurewebsites.net/api/filmworld/movie/fw0086190
2025-02-11 00:09:23.948 +11:00 [INF] Start processing HTTP request GET https://webjetapitest.azurewebsites.net/api/filmworld/movie/fw0086190
2025-02-11 00:09:23.948 +11:00 [INF] Sending HTTP request GET https://webjetapitest.azurewebsites.net/api/filmworld/movie/fw0086190
2025-02-11 00:09:24.515 +11:00 [INF] Received HTTP response headers after 567.4255ms - 200
2025-02-11 00:09:24.516 +11:00 [INF] End processing HTTP request after 567.906ms - 200
2025-02-11 00:09:24.775 +11:00 [INF] Cached details for fw0086190 from filmworld
2025-02-11 00:09:24.775 +11:00 [INF] Fetching movie details from https://webjetapitest.azurewebsites.net/api/filmworld/movie/fw0120915
2025-02-11 00:09:24.775 +11:00 [INF] Start processing HTTP request GET https://webjetapitest.azurewebsites.net/api/filmworld/movie/fw0120915
2025-02-11 00:09:24.775 +11:00 [INF] Sending HTTP request GET https://webjetapitest.azurewebsites.net/api/filmworld/movie/fw0120915
2025-02-11 00:09:25.714 +11:00 [INF] Received HTTP response headers after 938.3964ms - 200
2025-02-11 00:09:25.714 +11:00 [INF] End processing HTTP request after 938.6292ms - 200
2025-02-11 00:09:25.964 +11:00 [INF] Cached details for fw0120915 from filmworld
2025-02-11 00:09:25.964 +11:00 [INF] Fetching movie details from https://webjetapitest.azurewebsites.net/api/filmworld/movie/fw0121766
2025-02-11 00:09:25.964 +11:00 [INF] Start processing HTTP request GET https://webjetapitest.azurewebsites.net/api/filmworld/movie/fw0121766
2025-02-11 00:09:25.964 +11:00 [INF] Sending HTTP request GET https://webjetapitest.azurewebsites.net/api/filmworld/movie/fw0121766
2025-02-11 00:09:26.095 +11:00 [INF] Received HTTP response headers after 130.6869ms - 200
2025-02-11 00:09:26.095 +11:00 [INF] End processing HTTP request after 130.8556ms - 200
2025-02-11 00:09:26.343 +11:00 [INF] Cached details for fw0121766 from filmworld
2025-02-11 00:09:26.343 +11:00 [INF] Fetching movie details from https://webjetapitest.azurewebsites.net/api/filmworld/movie/fw0121765
2025-02-11 00:09:26.343 +11:00 [INF] Start processing HTTP request GET https://webjetapitest.azurewebsites.net/api/filmworld/movie/fw0121765
2025-02-11 00:09:26.343 +11:00 [INF] Sending HTTP request GET https://webjetapitest.azurewebsites.net/api/filmworld/movie/fw0121765
2025-02-11 00:09:26.900 +11:00 [INF] Received HTTP response headers after 557.4311ms - 200
2025-02-11 00:09:26.900 +11:00 [INF] End processing HTTP request after 557.5764ms - 200
2025-02-11 00:09:27.158 +11:00 [INF] Cached details for fw0121765 from filmworld
2025-02-11 00:09:31.016 +11:00 [INF] Merged movie details updated in cache.
2025-02-11 00:09:31.025 +11:00 [INF] Received HTTP response headers after 7334.7669ms - 200
2025-02-11 00:09:31.025 +11:00 [INF] End processing HTTP request after 7334.9461ms - 200
2025-02-11 00:09:31.275 +11:00 [INF] Cached details for fw0080684 from filmworld
2025-02-11 00:09:31.275 +11:00 [INF] Fetching movie details from https://webjetapitest.azurewebsites.net/api/filmworld/movie/fw0086190
2025-02-11 00:09:31.275 +11:00 [INF] Start processing HTTP request GET https://webjetapitest.azurewebsites.net/api/filmworld/movie/fw0086190
2025-02-11 00:09:31.275 +11:00 [INF] Sending HTTP request GET https://webjetapitest.azurewebsites.net/api/filmworld/movie/fw0086190
2025-02-11 00:09:31.767 +11:00 [INF] Received HTTP response headers after 491.1275ms - 200
2025-02-11 00:09:31.767 +11:00 [INF] End processing HTTP request after 491.5803ms - 200
2025-02-11 00:09:32.031 +11:00 [INF] Cached details for fw0086190 from filmworld
2025-02-11 00:09:32.031 +11:00 [INF] Fetching movie details from https://webjetapitest.azurewebsites.net/api/filmworld/movie/fw0120915
2025-02-11 00:09:32.031 +11:00 [INF] Start processing HTTP request GET https://webjetapitest.azurewebsites.net/api/filmworld/movie/fw0120915
2025-02-11 00:09:32.031 +11:00 [INF] Sending HTTP request GET https://webjetapitest.azurewebsites.net/api/filmworld/movie/fw0120915
2025-02-11 00:09:39.307 +11:00 [INF] Received HTTP response headers after 7275.2673ms - 200
2025-02-11 00:09:39.307 +11:00 [INF] End processing HTTP request after 7275.4547ms - 200
2025-02-11 00:09:39.580 +11:00 [INF] Cached details for fw0120915 from filmworld
2025-02-11 00:09:39.580 +11:00 [INF] Fetching movie details from https://webjetapitest.azurewebsites.net/api/filmworld/movie/fw0121766
2025-02-11 00:09:39.580 +11:00 [INF] Start processing HTTP request GET https://webjetapitest.azurewebsites.net/api/filmworld/movie/fw0121766
2025-02-11 00:09:39.580 +11:00 [INF] Sending HTTP request GET https://webjetapitest.azurewebsites.net/api/filmworld/movie/fw0121766
2025-02-11 00:09:47.172 +11:00 [INF] Received HTTP response headers after 7592.2372ms - 200
2025-02-11 00:09:47.172 +11:00 [INF] End processing HTTP request after 7592.5481ms - 200
2025-02-11 00:09:47.441 +11:00 [INF] Cached details for fw0121766 from filmworld
2025-02-11 00:09:47.442 +11:00 [INF] Fetching movie details from https://webjetapitest.azurewebsites.net/api/filmworld/movie/fw0121765
2025-02-11 00:09:47.442 +11:00 [INF] Start processing HTTP request GET https://webjetapitest.azurewebsites.net/api/filmworld/movie/fw0121765
2025-02-11 00:09:47.442 +11:00 [INF] Sending HTTP request GET https://webjetapitest.azurewebsites.net/api/filmworld/movie/fw0121765
2025-02-11 00:09:48.747 +11:00 [INF] Received HTTP response headers after 1305.3637ms - 503
2025-02-11 00:09:48.747 +11:00 [INF] End processing HTTP request after 1305.7227ms - 503
2025-02-11 00:09:48.748 +11:00 [WRN] Failed to fetch fw0121765 from filmworld (Attempt 1/3): ServiceUnavailable
2025-02-11 00:09:48.748 +11:00 [WRN] Retrying fetch for fw0121765 from filmworld in 2s...
2025-02-11 00:09:50.758 +11:00 [INF] Start processing HTTP request GET https://webjetapitest.azurewebsites.net/api/filmworld/movie/fw0121765
2025-02-11 00:09:50.758 +11:00 [INF] Sending HTTP request GET https://webjetapitest.azurewebsites.net/api/filmworld/movie/fw0121765
2025-02-11 00:09:58.017 +11:00 [INF] Received HTTP response headers after 7259.0371ms - 200
2025-02-11 00:09:58.017 +11:00 [INF] End processing HTTP request after 7259.3598ms - 200
2025-02-11 00:09:58.266 +11:00 [INF] Cached details for fw0121765 from filmworld
2025-02-11 00:10:02.159 +11:00 [INF] Merged movie details updated in cache.
2025-02-11 00:10:34.411 +11:00 [INF] Request starting HTTP/1.1 GET http://localhost:5149/swagger/index.html - null null
2025-02-11 00:10:34.412 +11:00 [INF] Request finished HTTP/1.1 GET http://localhost:5149/swagger/index.html - 200 null text/html;charset=utf-8 0.5797ms
2025-02-11 00:10:34.435 +11:00 [INF] Request starting HTTP/1.1 GET http://localhost:5149/_framework/aspnetcore-browser-refresh.js - null null
2025-02-11 00:10:34.435 +11:00 [INF] Request finished HTTP/1.1 GET http://localhost:5149/_framework/aspnetcore-browser-refresh.js - 200 13748 application/javascript; charset=utf-8 0.2934ms
2025-02-11 00:10:34.436 +11:00 [INF] Request starting HTTP/1.1 GET http://localhost:5149/swagger/index.js - null null
2025-02-11 00:10:34.436 +11:00 [INF] Request finished HTTP/1.1 GET http://localhost:5149/swagger/index.js - 200 null application/javascript;charset=utf-8 0.4394ms
2025-02-11 00:10:34.550 +11:00 [INF] Request starting HTTP/1.1 GET http://localhost:5149/swagger/v1/swagger.json - null null
2025-02-11 00:10:34.551 +11:00 [INF] Request finished HTTP/1.1 GET http://localhost:5149/swagger/v1/swagger.json - 200 null application/json;charset=utf-8 1.4468ms
2025-02-11 00:10:39.888 +11:00 [INF] Request starting HTTP/1.1 GET http://localhost:5149/api/mergedmoviedetails - null null
2025-02-11 00:10:39.889 +11:00 [INF] Executing endpoint 'WebjetAPI.Controllers.MergedMoviesController.GetMergedMovieDetails (WebjetAPI)'
2025-02-11 00:10:39.891 +11:00 [INF] Route matched with {action = "GetMergedMovieDetails", controller = "MergedMovies"}. Executing controller action with signature System.Threading.Tasks.Task`1[Microsoft.AspNetCore.Mvc.IActionResult] GetMergedMovieDetails() on controller WebjetAPI.Controllers.MergedMoviesController (WebjetAPI).
2025-02-11 00:10:40.141 +11:00 [INF] Returning 0 merged movie details.
2025-02-11 00:10:40.141 +11:00 [INF] Executing OkObjectResult, writing value of type 'System.Collections.Generic.List`1[[WebjetAPI.Models.MergedMovieDetail, WebjetAPI, Version=1.0.0.0, Culture=neutral, PublicKeyToken=null]]'.
2025-02-11 00:10:40.142 +11:00 [INF] Executed action WebjetAPI.Controllers.MergedMoviesController.GetMergedMovieDetails (WebjetAPI) in 250.741ms
2025-02-11 00:10:40.142 +11:00 [INF] Executed endpoint 'WebjetAPI.Controllers.MergedMoviesController.GetMergedMovieDetails (WebjetAPI)'
2025-02-11 00:10:40.142 +11:00 [INF] Request finished HTTP/1.1 GET http://localhost:5149/api/mergedmoviedetails - 200 null application/json; charset=utf-8 253.9242ms
2025-02-11 00:10:46.953 +11:00 [INF] Request starting HTTP/1.1 GET http://localhost:5149/api/allmovies - null null
2025-02-11 00:10:46.953 +11:00 [INF] Executing endpoint 'WebjetAPI.Controllers.MoviesController.GetAllMovies (WebjetAPI)'
2025-02-11 00:10:46.953 +11:00 [INF] Route matched with {action = "GetAllMovies", controller = "Movies"}. Executing controller action with signature System.Threading.Tasks.Task`1[Microsoft.AspNetCore.Mvc.IActionResult] GetAllMovies() on controller WebjetAPI.Controllers.MoviesController (WebjetAPI).
2025-02-11 00:10:47.202 +11:00 [INF] Executing OkObjectResult, writing value of type 'System.Collections.Generic.List`1[[WebjetAPI.Models.MergedMovie, WebjetAPI, Version=1.0.0.0, Culture=neutral, PublicKeyToken=null]]'.
2025-02-11 00:10:47.202 +11:00 [INF] Executed action WebjetAPI.Controllers.MoviesController.GetAllMovies (WebjetAPI) in 248.8973ms
2025-02-11 00:10:47.202 +11:00 [INF] Executed endpoint 'WebjetAPI.Controllers.MoviesController.GetAllMovies (WebjetAPI)'
2025-02-11 00:10:47.202 +11:00 [INF] Request finished HTTP/1.1 GET http://localhost:5149/api/allmovies - 200 null application/json; charset=utf-8 249.4245ms
2025-02-11 00:15:48.278 +11:00 [INF] Request starting HTTP/1.1 GET http://localhost:5149/swagger/index.html - null null
2025-02-11 00:15:48.278 +11:00 [INF] Request finished HTTP/1.1 GET http://localhost:5149/swagger/index.html - 200 null text/html;charset=utf-8 0.7819ms
2025-02-11 00:15:48.304 +11:00 [INF] Request starting HTTP/1.1 GET http://localhost:5149/swagger/index.js - null null
2025-02-11 00:15:48.304 +11:00 [INF] Request finished HTTP/1.1 GET http://localhost:5149/swagger/index.js - 200 null application/javascript;charset=utf-8 0.3235ms
2025-02-11 00:15:48.394 +11:00 [INF] Request starting HTTP/1.1 GET http://localhost:5149/_framework/aspnetcore-browser-refresh.js - null null
2025-02-11 00:15:48.394 +11:00 [INF] Request finished HTTP/1.1 GET http://localhost:5149/_framework/aspnetcore-browser-refresh.js - 200 13748 application/javascript; charset=utf-8 0.1532ms
2025-02-11 00:15:48.649 +11:00 [INF] Request starting HTTP/1.1 GET http://localhost:5149/swagger/v1/swagger.json - null null
2025-02-11 00:15:48.651 +11:00 [INF] Request finished HTTP/1.1 GET http://localhost:5149/swagger/v1/swagger.json - 200 null application/json;charset=utf-8 1.9476ms
2025-02-11 00:16:04.875 +11:00 [INF] Application is shutting down...
2025-02-11 00:16:17.555 +11:00 [INF] Connecting to Redis at autorack.proxy.rlwy.net:55445,password=CZCEIVSqfCnRGZtIRcjaOKKdlhcyxQCG,abortConnect=false
2025-02-11 00:16:18.234 +11:00 [INF] Webjet API has started successfully.
2025-02-11 00:16:18.234 +11:00 [INF] Running on port: 5149
2025-02-11 00:16:18.234 +11:00 [INF] Swagger UI available at: http://localhost:5149/swagger
2025-02-11 00:16:18.247 +11:00 [INF] Starting movie data cache refresh
2025-02-11 00:16:18.254 +11:00 [INF] Fetching movies from cinemaworld (Attempt 1/3)
2025-02-11 00:16:18.259 +11:00 [INF] Start processing HTTP request GET https://webjetapitest.azurewebsites.net/api/cinemaworld/movies
2025-02-11 00:16:18.261 +11:00 [INF] Sending HTTP request GET https://webjetapitest.azurewebsites.net/api/cinemaworld/movies
2025-02-11 00:16:18.278 +11:00 [INF] Starting scheduled movie detail data cache refresh
2025-02-11 00:16:18.308 +11:00 [INF] Now listening on: http://localhost:5149
2025-02-11 00:16:18.308 +11:00 [INF] Application started. Press Ctrl+C to shut down.
2025-02-11 00:16:18.308 +11:00 [INF] Hosting environment: Production
2025-02-11 00:16:18.308 +11:00 [INF] Content root path: D:\GA\WebjetFullstack\backend\WebjetAPI
2025-02-11 00:16:18.490 +11:00 [INF] Request starting HTTP/1.1 GET http://localhost:5149/swagger/index.html - null null
2025-02-11 00:16:18.554 +11:00 [INF] Request finished HTTP/1.1 GET http://localhost:5149/swagger/index.html - 200 null text/html;charset=utf-8 64.9638ms
2025-02-11 00:16:18.653 +11:00 [INF] Received HTTP response headers after 389.8925ms - 200
2025-02-11 00:16:18.653 +11:00 [INF] End processing HTTP request after 397.9803ms - 200
2025-02-11 00:16:18.680 +11:00 [INF] Fetching movies from filmworld (Attempt 1/3)
2025-02-11 00:16:18.681 +11:00 [INF] Start processing HTTP request GET https://webjetapitest.azurewebsites.net/api/filmworld/movies
2025-02-11 00:16:18.681 +11:00 [INF] Sending HTTP request GET https://webjetapitest.azurewebsites.net/api/filmworld/movies
2025-02-11 00:16:18.795 +11:00 [INF] Request starting HTTP/1.1 GET http://localhost:5149/swagger/index.js - null null
2025-02-11 00:16:18.795 +11:00 [INF] Request starting HTTP/1.1 GET http://localhost:5149/_framework/aspnetcore-browser-refresh.js - null null
2025-02-11 00:16:18.796 +11:00 [INF] Request finished HTTP/1.1 GET http://localhost:5149/_framework/aspnetcore-browser-refresh.js - 200 13748 application/javascript; charset=utf-8 1.0681ms
2025-02-11 00:16:18.796 +11:00 [INF] Request finished HTTP/1.1 GET http://localhost:5149/swagger/index.js - 200 null application/javascript;charset=utf-8 1.2989ms
2025-02-11 00:16:18.822 +11:00 [INF] Successfully fetched movie lists from Redis.
2025-02-11 00:16:18.823 +11:00 [INF] Found 7 movies in cinemaworld cache
2025-02-11 00:16:18.823 +11:00 [INF] Found 6 movies in filmworld cache
2025-02-11 00:16:18.824 +11:00 [INF] Fetching movie details from https://webjetapitest.azurewebsites.net/api/cinemaworld/movie/cw0076759
2025-02-11 00:16:18.824 +11:00 [INF] Start processing HTTP request GET https://webjetapitest.azurewebsites.net/api/cinemaworld/movie/cw0076759
2025-02-11 00:16:18.824 +11:00 [INF] Sending HTTP request GET https://webjetapitest.azurewebsites.net/api/cinemaworld/movie/cw0076759
2025-02-11 00:16:19.021 +11:00 [INF] Received HTTP response headers after 340.5514ms - 200
2025-02-11 00:16:19.022 +11:00 [INF] End processing HTTP request after 341.0154ms - 200
2025-02-11 00:16:19.049 +11:00 [INF] Request starting HTTP/1.1 GET http://localhost:5149/swagger/v1/swagger.json - null null
2025-02-11 00:16:19.084 +11:00 [INF] Request finished HTTP/1.1 GET http://localhost:5149/swagger/v1/swagger.json - 200 null application/json;charset=utf-8 35.4012ms
2025-02-11 00:16:19.275 +11:00 [INF] Updated cinemaworld movie data in cache
2025-02-11 00:16:19.524 +11:00 [INF] Received HTTP response headers after 699.8691ms - 200
2025-02-11 00:16:19.524 +11:00 [INF] End processing HTTP request after 700.1225ms - 200
2025-02-11 00:16:19.533 +11:00 [INF] Updated filmworld movie data in cache
2025-02-11 00:16:19.809 +11:00 [INF] Cached details for cw0076759 from cinemaworld
2025-02-11 00:16:19.809 +11:00 [INF] Updated merged movie data in cache
2025-02-11 00:16:19.809 +11:00 [INF] Fetching movie details from https://webjetapitest.azurewebsites.net/api/cinemaworld/movie/cw0080684
2025-02-11 00:16:19.809 +11:00 [INF] Start processing HTTP request GET https://webjetapitest.azurewebsites.net/api/cinemaworld/movie/cw0080684
2025-02-11 00:16:19.809 +11:00 [INF] Sending HTTP request GET https://webjetapitest.azurewebsites.net/api/cinemaworld/movie/cw0080684
2025-02-11 00:16:20.324 +11:00 [INF] Successfully fetched movie lists from Redis.
2025-02-11 00:16:20.324 +11:00 [INF] Found 7 movies in cinemaworld cache
2025-02-11 00:16:20.324 +11:00 [INF] Found 6 movies in filmworld cache
2025-02-11 00:16:20.324 +11:00 [INF] Fetching movie details from https://webjetapitest.azurewebsites.net/api/cinemaworld/movie/cw0076759
2025-02-11 00:16:20.324 +11:00 [INF] Start processing HTTP request GET https://webjetapitest.azurewebsites.net/api/cinemaworld/movie/cw0076759
2025-02-11 00:16:20.324 +11:00 [INF] Sending HTTP request GET https://webjetapitest.azurewebsites.net/api/cinemaworld/movie/cw0076759
2025-02-11 00:16:20.427 +11:00 [INF] Received HTTP response headers after 618.1375ms - 200
2025-02-11 00:16:20.427 +11:00 [INF] End processing HTTP request after 618.423ms - 200
2025-02-11 00:16:20.558 +11:00 [INF] Received HTTP response headers after 234.0842ms - 200
2025-02-11 00:16:20.558 +11:00 [INF] End processing HTTP request after 234.3893ms - 200
2025-02-11 00:16:20.695 +11:00 [INF] Cached details for cw0080684 from cinemaworld
2025-02-11 00:16:20.695 +11:00 [INF] Fetching movie details from https://webjetapitest.azurewebsites.net/api/cinemaworld/movie/cw0086190
2025-02-11 00:16:20.695 +11:00 [INF] Start processing HTTP request GET https://webjetapitest.azurewebsites.net/api/cinemaworld/movie/cw0086190
2025-02-11 00:16:20.695 +11:00 [INF] Sending HTTP request GET https://webjetapitest.azurewebsites.net/api/cinemaworld/movie/cw0086190
2025-02-11 00:16:20.841 +11:00 [INF] Cached details for cw0076759 from cinemaworld
2025-02-11 00:16:20.842 +11:00 [INF] Fetching movie details from https://webjetapitest.azurewebsites.net/api/cinemaworld/movie/cw0080684
2025-02-11 00:16:20.842 +11:00 [INF] Start processing HTTP request GET https://webjetapitest.azurewebsites.net/api/cinemaworld/movie/cw0080684
2025-02-11 00:16:20.842 +11:00 [INF] Sending HTTP request GET https://webjetapitest.azurewebsites.net/api/cinemaworld/movie/cw0080684
2025-02-11 00:16:21.163 +11:00 [INF] Received HTTP response headers after 467.4218ms - 200
2025-02-11 00:16:21.163 +11:00 [INF] End processing HTTP request after 467.6457ms - 200
2025-02-11 00:16:21.422 +11:00 [INF] Cached details for cw0086190 from cinemaworld
2025-02-11 00:16:21.422 +11:00 [INF] Fetching movie details from https://webjetapitest.azurewebsites.net/api/cinemaworld/movie/cw2488496
2025-02-11 00:16:21.422 +11:00 [INF] Start processing HTTP request GET https://webjetapitest.azurewebsites.net/api/cinemaworld/movie/cw2488496
2025-02-11 00:16:21.422 +11:00 [INF] Sending HTTP request GET https://webjetapitest.azurewebsites.net/api/cinemaworld/movie/cw2488496
2025-02-11 00:16:21.546 +11:00 [INF] Received HTTP response headers after 123.4524ms - 200
2025-02-11 00:16:21.546 +11:00 [INF] End processing HTTP request after 123.7113ms - 200
2025-02-11 00:16:21.635 +11:00 [INF] Received HTTP response headers after 793.1493ms - 200
2025-02-11 00:16:21.635 +11:00 [INF] End processing HTTP request after 793.4027ms - 200
2025-02-11 00:16:21.825 +11:00 [INF] Cached details for cw2488496 from cinemaworld
2025-02-11 00:16:21.825 +11:00 [INF] Fetching movie details from https://webjetapitest.azurewebsites.net/api/cinemaworld/movie/cw0120915
2025-02-11 00:16:21.825 +11:00 [INF] Start processing HTTP request GET https://webjetapitest.azurewebsites.net/api/cinemaworld/movie/cw0120915
2025-02-11 00:16:21.825 +11:00 [INF] Sending HTTP request GET https://webjetapitest.azurewebsites.net/api/cinemaworld/movie/cw0120915
2025-02-11 00:16:21.924 +11:00 [INF] Cached details for cw0080684 from cinemaworld
2025-02-11 00:16:21.924 +11:00 [INF] Fetching movie details from https://webjetapitest.azurewebsites.net/api/cinemaworld/movie/cw0086190
2025-02-11 00:16:21.924 +11:00 [INF] Start processing HTTP request GET https://webjetapitest.azurewebsites.net/api/cinemaworld/movie/cw0086190
2025-02-11 00:16:21.924 +11:00 [INF] Sending HTTP request GET https://webjetapitest.azurewebsites.net/api/cinemaworld/movie/cw0086190
2025-02-11 00:16:28.819 +11:00 [INF] Received HTTP response headers after 6993.4809ms - 200
2025-02-11 00:16:28.819 +11:00 [INF] End processing HTTP request after 6993.7178ms - 200
2025-02-11 00:16:29.070 +11:00 [INF] Cached details for cw0120915 from cinemaworld
2025-02-11 00:16:29.070 +11:00 [INF] Fetching movie details from https://webjetapitest.azurewebsites.net/api/cinemaworld/movie/cw0121766
2025-02-11 00:16:29.070 +11:00 [INF] Start processing HTTP request GET https://webjetapitest.azurewebsites.net/api/cinemaworld/movie/cw0121766
2025-02-11 00:16:29.070 +11:00 [INF] Sending HTTP request GET https://webjetapitest.azurewebsites.net/api/cinemaworld/movie/cw0121766
2025-02-11 00:16:29.437 +11:00 [INF] Received HTTP response headers after 366.3061ms - 200
2025-02-11 00:16:29.437 +11:00 [INF] End processing HTTP request after 366.8689ms - 200
2025-02-11 00:16:29.706 +11:00 [INF] Cached details for cw0121766 from cinemaworld
2025-02-11 00:16:29.706 +11:00 [INF] Fetching movie details from https://webjetapitest.azurewebsites.net/api/cinemaworld/movie/cw0121765
2025-02-11 00:16:29.706 +11:00 [INF] Start processing HTTP request GET https://webjetapitest.azurewebsites.net/api/cinemaworld/movie/cw0121765
2025-02-11 00:16:29.707 +11:00 [INF] Sending HTTP request GET https://webjetapitest.azurewebsites.net/api/cinemaworld/movie/cw0121765
2025-02-11 00:16:30.676 +11:00 [INF] Received HTTP response headers after 968.9933ms - 200
2025-02-11 00:16:30.676 +11:00 [INF] End processing HTTP request after 969.4537ms - 200
2025-02-11 00:16:30.941 +11:00 [INF] Cached details for cw0121765 from cinemaworld
2025-02-11 00:16:30.941 +11:00 [INF] Fetching movie details from https://webjetapitest.azurewebsites.net/api/filmworld/movie/fw0076759
2025-02-11 00:16:30.941 +11:00 [INF] Start processing HTTP request GET https://webjetapitest.azurewebsites.net/api/filmworld/movie/fw0076759
2025-02-11 00:16:30.942 +11:00 [INF] Sending HTTP request GET https://webjetapitest.azurewebsites.net/api/filmworld/movie/fw0076759
2025-02-11 00:16:31.768 +11:00 [INF] Received HTTP response headers after 825.9714ms - 200
2025-02-11 00:16:31.768 +11:00 [INF] End processing HTTP request after 826.331ms - 200
2025-02-11 00:16:32.039 +11:00 [INF] Cached details for fw0076759 from filmworld
2025-02-11 00:16:32.039 +11:00 [INF] Fetching movie details from https://webjetapitest.azurewebsites.net/api/filmworld/movie/fw0080684
2025-02-11 00:16:32.039 +11:00 [INF] Start processing HTTP request GET https://webjetapitest.azurewebsites.net/api/filmworld/movie/fw0080684
2025-02-11 00:16:32.039 +11:00 [INF] Sending HTTP request GET https://webjetapitest.azurewebsites.net/api/filmworld/movie/fw0080684
2025-02-11 00:16:32.514 +11:00 [INF] Received HTTP response headers after 474.8632ms - 200
2025-02-11 00:16:32.514 +11:00 [INF] End processing HTTP request after 475.2299ms - 200
2025-02-11 00:16:32.786 +11:00 [INF] Cached details for fw0080684 from filmworld
2025-02-11 00:16:32.786 +11:00 [INF] Fetching movie details from https://webjetapitest.azurewebsites.net/api/filmworld/movie/fw0086190
2025-02-11 00:16:32.786 +11:00 [INF] Start processing HTTP request GET https://webjetapitest.azurewebsites.net/api/filmworld/movie/fw0086190
2025-02-11 00:16:32.786 +11:00 [INF] Sending HTTP request GET https://webjetapitest.azurewebsites.net/api/filmworld/movie/fw0086190
2025-02-11 00:16:33.051 +11:00 [INF] Received HTTP response headers after 264.5527ms - 200
2025-02-11 00:16:33.051 +11:00 [INF] End processing HTTP request after 264.9348ms - 200
2025-02-11 00:16:33.302 +11:00 [INF] Cached details for fw0086190 from filmworld
2025-02-11 00:16:33.302 +11:00 [INF] Fetching movie details from https://webjetapitest.azurewebsites.net/api/filmworld/movie/fw0120915
2025-02-11 00:16:33.302 +11:00 [INF] Start processing HTTP request GET https://webjetapitest.azurewebsites.net/api/filmworld/movie/fw0120915
2025-02-11 00:16:33.302 +11:00 [INF] Sending HTTP request GET https://webjetapitest.azurewebsites.net/api/filmworld/movie/fw0120915
2025-02-11 00:16:33.545 +11:00 [INF] Received HTTP response headers after 242.824ms - 200
2025-02-11 00:16:33.545 +11:00 [INF] End processing HTTP request after 243.0546ms - 200
2025-02-11 00:16:33.820 +11:00 [INF] Cached details for fw0120915 from filmworld
2025-02-11 00:16:33.820 +11:00 [INF] Fetching movie details from https://webjetapitest.azurewebsites.net/api/filmworld/movie/fw0121766
2025-02-11 00:16:33.820 +11:00 [INF] Start processing HTTP request GET https://webjetapitest.azurewebsites.net/api/filmworld/movie/fw0121766
2025-02-11 00:16:33.821 +11:00 [INF] Sending HTTP request GET https://webjetapitest.azurewebsites.net/api/filmworld/movie/fw0121766
2025-02-11 00:16:34.798 +11:00 [INF] Received HTTP response headers after 976.7916ms - 200
2025-02-11 00:16:34.798 +11:00 [INF] End processing HTTP request after 977.4705ms - 200
2025-02-11 00:16:35.049 +11:00 [INF] Cached details for fw0121766 from filmworld
2025-02-11 00:16:35.050 +11:00 [INF] Fetching movie details from https://webjetapitest.azurewebsites.net/api/filmworld/movie/fw0121765
2025-02-11 00:16:35.050 +11:00 [INF] Start processing HTTP request GET https://webjetapitest.azurewebsites.net/api/filmworld/movie/fw0121765
2025-02-11 00:16:35.050 +11:00 [INF] Sending HTTP request GET https://webjetapitest.azurewebsites.net/api/filmworld/movie/fw0121765
2025-02-11 00:16:35.574 +11:00 [INF] Received HTTP response headers after 523.7522ms - 200
2025-02-11 00:16:35.574 +11:00 [INF] End processing HTTP request after 524.0682ms - 200
2025-02-11 00:16:35.867 +11:00 [INF] Cached details for fw0121765 from filmworld
2025-02-11 00:16:36.124 +11:00 [INF] Loaded 7 merged movies from Redis.
2025-02-11 00:16:36.642 +11:00 [INF] Movie: Star Wars: Episode IV - A New Hope | Fetched 2 details from Redis.
2025-02-11 00:16:37.168 +11:00 [INF] Movie: Star Wars: Episode V - The Empire Strikes Back | Fetched 2 details from Redis.
2025-02-11 00:16:37.693 +11:00 [INF] Movie: Star Wars: Episode VI - Return of the Jedi | Fetched 2 details from Redis.
2025-02-11 00:16:37.963 +11:00 [INF] Movie: Star Wars: The Force Awakens | Fetched 1 details from Redis.
2025-02-11 00:16:38.468 +11:00 [INF] Movie: Star Wars: Episode I - The Phantom Menace | Fetched 2 details from Redis.
2025-02-11 00:16:38.998 +11:00 [INF] Movie: Star Wars: Episode III - Revenge of the Sith | Fetched 2 details from Redis.
2025-02-11 00:16:39.507 +11:00 [INF] Movie: Star Wars: Episode II - Attack of the Clones | Fetched 2 details from Redis.
2025-02-11 00:16:39.785 +11:00 [INF] Merged movie details updated in Redis with 7 entries.
2025-02-11 00:17:12.732 +11:00 [INF] Application is shutting down...
